#
# There is insufficient memory for the Java Runtime Environment to continue.
# Native memory allocation (malloc) failed to allocate 1048576 bytes for AllocateHeap
# Possible reasons:
#   The system is out of physical RAM or swap space
#   The process is running with CompressedOops enabled, and the Java Heap may be blocking the growth of the native heap
# Possible solutions:
#   Reduce memory load on the system
#   Increase physical memory or swap space
#   Check if swap backing store is full
#   Decrease Java heap size (-Xmx/-Xms)
#   Decrease number of Java threads
#   Decrease Java thread stack sizes (-Xss)
#   Set larger code cache with -XX:ReservedCodeCacheSize=
#   JVM is running with Zero Based Compressed Oops mode in which the Java heap is
#     placed in the first 32GB address space. The Java Heap base address is the
#     maximum limit for the native heap growth. Please use -XX:HeapBaseMinAddress
#     to set the Java Heap base and to place the Java Heap above 32GB virtual address.
# This output file may be truncated or incomplete.
#
#  Out of Memory Error (memory/allocation.inline.hpp:61), pid=24396, tid=0x000000000000491c
#
# JRE version:  (8.0_361) (build )
# Java VM: Java HotSpot(TM) 64-Bit Server VM (25.361-b09 mixed mode windows-amd64 compressed oops)
# Failed to write core dump. Minidumps are not enabled by default on client versions of Windows
#

---------------  T H R E A D  ---------------

Current thread (0x0000028b9da5f800):  JavaThread "Unknown thread" [_thread_in_vm, id=18716, stack(0x000000ece5900000,0x000000ece5a00000)]

Stack: [0x000000ece5900000,0x000000ece5a00000]
Native frames: (J=compiled Java code, j=interpreted, Vv=VM code, C=native code)
V  [jvm.dll+0x3317a9]
V  [jvm.dll+0x277c4e]
V  [jvm.dll+0x27888d]
V  [jvm.dll+0x26f0d5]
V  [jvm.dll+0x509d]
V  [jvm.dll+0x3d5e83]
V  [jvm.dll+0x3d6898]
V  [jvm.dll+0xfd0df]
V  [jvm.dll+0x20c29b]
V  [jvm.dll+0x23adc7]
V  [jvm.dll+0x1637b6]
C  [javaw.exe+0x2322]
C  [javaw.exe+0x16544]
C  [KERNEL32.DLL+0x17614]
C  [ntdll.dll+0x526a1]


---------------  P R O C E S S  ---------------

Java Threads: ( => current thread )

Other Threads:

=>0x0000028b9da5f800 (exited) JavaThread "Unknown thread" [_thread_in_vm, id=18716, stack(0x000000ece5900000,0x000000ece5a00000)]

VM state:not at safepoint (normal execution)

VM Mutex/Monitor currently owned by a thread: None

heap address: 0x00000006c3200000, size: 4046 MB, Compressed Oops mode: Zero based, Oop shift amount: 3
Narrow klass base: 0x0000000000000000, Narrow klass shift: 3
Compressed class space size: 1073741824 Address: 0x00000007c0000000

Heap:
 PSYoungGen      total 75776K, used 1300K [0x000000076bb80000, 0x0000000771000000, 0x00000007c0000000)
  eden space 65024K, 2% used [0x000000076bb80000,0x000000076bcc51f8,0x000000076fb00000)
  from space 10752K, 0% used [0x0000000770580000,0x0000000770580000,0x0000000771000000)
  to   space 10752K, 0% used [0x000000076fb00000,0x000000076fb00000,0x0000000770580000)
 ParOldGen       total 173568K, used 0K [0x00000006c3200000, 0x00000006cdb80000, 0x000000076bb80000)
  object space 173568K, 0% used [0x00000006c3200000,0x00000006c3200000,0x00000006cdb80000)
 Metaspace       used 751K, capacity 4480K, committed 4480K, reserved 1056768K
  class space    used 76K, capacity 384K, committed 384K, reserved 1048576K

Card table byte_map: [0x0000028bae720000,0x0000028baef10000] byte_map_base: 0x0000028bab107000

Marking Bits: (ParMarkBitMap*) 0x000000006e73b090
 Begin Bits: [0x0000028baf460000, 0x0000028bb3398000)
 End Bits:   [0x0000028bb3398000, 0x0000028bb72d0000)

Polling page: 0x0000028b9f330000

CodeCache: size=245760Kb used=329Kb max_used=329Kb free=245430Kb
 bounds [0x0000028b9f360000, 0x0000028b9f5d0000, 0x0000028bae360000]
 total_blobs=58 nmethods=0 adapters=38
 compilation: enabled

Compilation events (0 events):
No events

GC Heap History (0 events):
No events

Deoptimization events (0 events):
No events

Classes redefined (0 events):
No events

Internal exceptions (0 events):
No events

Events (10 events):
Event: 0.042 loading class java/lang/Short
Event: 0.042 loading class java/lang/Short done
Event: 0.042 loading class java/lang/Integer
Event: 0.043 loading class java/lang/Integer done
Event: 0.043 loading class java/lang/Long
Event: 0.043 loading class java/lang/Long done
Event: 0.044 loading class java/lang/NullPointerException
Event: 0.044 loading class java/lang/NullPointerException done
Event: 0.044 loading class java/lang/ArithmeticException
Event: 0.044 loading class java/lang/ArithmeticException done


Dynamic libraries:
0x00007ff6eedf0000 - 0x00007ff6eee37000 	C:\Program Files\Java\jre1.8.0_361\bin\javaw.exe
0x00007ff920b50000 - 0x00007ff920d48000 	C:\WINDOWS\SYSTEM32\ntdll.dll
0x00007ff91f550000 - 0x00007ff91f60f000 	C:\WINDOWS\System32\KERNEL32.DLL
0x00007ff91e8b0000 - 0x00007ff91eb82000 	C:\WINDOWS\System32\KERNELBASE.dll
0x00007ff91ef10000 - 0x00007ff91efbe000 	C:\WINDOWS\System32\ADVAPI32.dll
0x00007ff91eb90000 - 0x00007ff91ec2e000 	C:\WINDOWS\System32\msvcrt.dll
0x00007ff91fa70000 - 0x00007ff91fb0c000 	C:\WINDOWS\System32\sechost.dll
0x00007ff91fbd0000 - 0x00007ff91fcf5000 	C:\WINDOWS\System32\RPCRT4.dll
0x00007ff91f800000 - 0x00007ff91f9a1000 	C:\WINDOWS\System32\USER32.dll
0x00007ff91e570000 - 0x00007ff91e592000 	C:\WINDOWS\System32\win32u.dll
0x00007ff91f130000 - 0x00007ff91f15b000 	C:\WINDOWS\System32\GDI32.dll
0x00007ff91e460000 - 0x00007ff91e56f000 	C:\WINDOWS\System32\gdi32full.dll
0x00007ff91e2b0000 - 0x00007ff91e34d000 	C:\WINDOWS\System32\msvcp_win.dll
0x00007ff91e5a0000 - 0x00007ff91e6a0000 	C:\WINDOWS\System32\ucrtbase.dll
0x00007ff908e90000 - 0x00007ff90912a000 	C:\WINDOWS\WinSxS\amd64_microsoft.windows.common-controls_6595b64144ccf1df_6.0.19041.1110_none_60b5254171f9507e\COMCTL32.dll
0x00007ff91fe00000 - 0x00007ff91fe32000 	C:\WINDOWS\System32\IMM32.DLL
0x00007ff918c20000 - 0x00007ff918c35000 	C:\Program Files\Java\jre1.8.0_361\bin\vcruntime140.dll
0x00007ff88eb90000 - 0x00007ff88ec2b000 	C:\Program Files\Java\jre1.8.0_361\bin\msvcp140.dll
0x000000006df50000 - 0x000000006e7b3000 	C:\Program Files\Java\jre1.8.0_361\bin\server\jvm.dll
0x00007ff91fd00000 - 0x00007ff91fd08000 	C:\WINDOWS\System32\PSAPI.DLL
0x00007ff90d0e0000 - 0x00007ff90d107000 	C:\WINDOWS\SYSTEM32\WINMM.dll
0x00007ff8ebc90000 - 0x00007ff8ebc99000 	C:\WINDOWS\SYSTEM32\WSOCK32.dll
0x00007ff91f180000 - 0x00007ff91f1eb000 	C:\WINDOWS\System32\WS2_32.dll
0x00007ff917680000 - 0x00007ff91768a000 	C:\WINDOWS\SYSTEM32\VERSION.dll
0x00007ff91ca90000 - 0x00007ff91caa2000 	C:\WINDOWS\SYSTEM32\kernel.appcore.dll
0x00007ff9195e0000 - 0x00007ff9195f0000 	C:\Program Files\Java\jre1.8.0_361\bin\verify.dll
0x00007ff8f66c0000 - 0x00007ff8f66eb000 	C:\Program Files\Java\jre1.8.0_361\bin\java.dll
0x00007ff9195c0000 - 0x00007ff9195d8000 	C:\Program Files\Java\jre1.8.0_361\bin\zip.dll
0x00007ff91c610000 - 0x00007ff91c7f4000 	C:\WINDOWS\SYSTEM32\dbghelp.dll
0x00007ff91e3a0000 - 0x00007ff91e422000 	C:\WINDOWS\System32\bcryptPrimitives.dll

VM Arguments:
jvm_args: -Dfile.encoding=UTF-8 
java_command: 배열응용.극장예매시스템1
java_class_path (initial): D:\homework\eclipse\java06\bin
Launcher Type: SUN_STANDARD

Environment Variables:
JAVA_HOME=C:\다운\Java\jdk-14.0.2
PATH=C:/Program Files/Java/jre1.8.0_361/bin/server;C:/Program Files/Java/jre1.8.0_361/bin;C:/Program Files/Java/jre1.8.0_361/lib/amd64;C:\Program Files (x86)\Common Files\Oracle\Java\javapath;C:\Program Files (x86)\VMware\VMware Player\bin\;C:\Program Files (x86)\Intel\Intel(R) Management Engine Components\iCLS\;C:\Program Files\Intel\Intel(R) Management Engine Components\iCLS\;C:\WINDOWS\system32;C:\WINDOWS;C:\WINDOWS\System32\Wbem;C:\WINDOWS\System32\WindowsPowerShell\v1.0\;C:\WINDOWS\System32\OpenSSH\;C:\Program Files (x86)\Intel\Intel(R) Management Engine Components\DAL;C:\Program Files\Intel\Intel(R) Management Engine Components\DAL;C:\다운\Java\jdk-14.0.2\bin;C;\Program Files (x86)\Brackets\command;C:\Program Files\PuTTY\;C:\Here\Git\cmd;C:\Users\LG\AppData\Local\Microsoft\WindowsApps;C:\Here\PyCharm\PyCharm Community Edition 2021.3\bin;;C:\Here\Visual Studio Code\Microsoft VS Code\bin;C:\Here\Python\Python\Scripts;;C:\Here\eclipse;
USERNAME=LG
OS=Windows_NT
PROCESSOR_IDENTIFIER=Intel64 Family 6 Model 142 Stepping 11, GenuineIntel



---------------  S Y S T E M  ---------------

OS: Windows 10 , 64 bit Build 19041 (10.0.19041.2364)

CPU:total 8 (initial active 8) (4 cores per cpu, 2 threads per core) family 6 model 142 stepping 11, cmov, cx8, fxsr, mmx, sse, sse2, sse3, ssse3, sse4.1, sse4.2, popcnt, avx, avx2, aes, clmul, erms, 3dnowpref, lzcnt, ht, tsc, tscinvbit, bmi1, bmi2, adx

Memory: 4k page, physical 16566304k(5562284k free), swap 42166172k(5696k free)

vm_info: Java HotSpot(TM) 64-Bit Server VM (25.361-b09) for windows-amd64 JRE (1.8.0_361-b09), built on Jan  9 2023 08:38:53 by "java_re" with MS VC++ 15.9 (VS2017)

time: Mon Feb 13 14:37:58 2023
timezone: Intel64 Family 6 Model 142 Stepping 11, GenuineIntel
elapsed time: 0.087206 seconds (0d 0h 0m 0s)

